TN:
SF:src\services\submit-feedback-service.ts
FN:12,SubmitFeedbackService
FN:18,execute
FNF:2
FNH:2
FNDA:1,SubmitFeedbackService
FNDA:5,execute
DA:1,1
DA:2,1
DA:3,1
DA:4,1
DA:5,1
DA:6,1
DA:7,1
DA:8,1
DA:9,1
DA:10,1
DA:11,1
DA:12,1
DA:13,1
DA:14,1
DA:15,1
DA:16,1
DA:17,1
DA:18,1
DA:19,5
DA:20,5
DA:21,5
DA:22,1
DA:23,1
DA:24,4
DA:25,5
DA:26,1
DA:27,1
DA:28,5
DA:29,1
DA:30,1
DA:31,2
DA:32,2
DA:33,2
DA:34,2
DA:35,2
DA:36,2
DA:37,2
DA:38,2
DA:39,2
DA:40,2
DA:41,2
DA:42,2
DA:43,2
DA:44,2
DA:45,2
DA:46,1
LF:46
LH:46
BRDA:12,0,0,1
BRDA:18,1,0,5
BRDA:21,2,0,1
BRDA:24,3,0,4
BRDA:25,4,0,1
BRDA:28,5,0,3
BRDA:28,6,0,2
BRDA:28,7,0,1
BRDA:31,8,0,2
BRF:9
BRH:9
end_of_record
